<?xml version="1.0" encoding="UTF-8"?>
<!-- Generated by org.testng.reporters.JUnitReportReporter -->
<testsuite skipped="0" hostname="Dineshs-Mac-mini.local" name="GetAllDraftUsers" tests="1" failures="0" timestamp="2021-03-23T13:20:47 IST" time="13.219" errors="0">
  <testcase name="getAllDraftUsers" time="13.219" classname="GetAllDraftUsers"/>
  <system-out/>
</testsuite> <!-- GetAllDraftUsers -->
