<?xml version="1.0" encoding="UTF-8"?>
<!-- Generated by org.testng.reporters.JUnitReportReporter -->
<testsuite skipped="0" hostname="Dineshs-Mac-mini.local" name="Post_Request" tests="1" failures="0" timestamp="2021-03-19T16:23:29 IST" time="8.530" errors="0">
  <testcase name="CreateSuccessful" time="8.530" classname="Post_Request"/>
  <system-out/>
</testsuite> <!-- Post_Request -->
