<?xml version="1.0" encoding="UTF-8"?>
<!-- Generated by org.testng.reporters.JUnitReportReporter -->
<testsuite skipped="0" hostname="Dineshs-Mac-mini.local" name="Get_ClaimId" tests="1" failures="0" timestamp="2021-03-22T20:30:07 IST" time="3.866" errors="0">
  <testcase name="getweatherDetails" time="3.866" classname="Get_ClaimId"/>
  <system-out/>
</testsuite> <!-- Get_ClaimId -->
